[debug] [2017-06-12T07:29:54.782Z] ----------------------------------------------------------------------
[debug] [2017-06-12T07:29:54.785Z] Command:      /usr/local/bin/node /usr/local/bin/firebase deploy
[debug] [2017-06-12T07:29:54.786Z] CLI Version:  3.9.1
[debug] [2017-06-12T07:29:54.786Z] Platform:     linux
[debug] [2017-06-12T07:29:54.786Z] Node Version: v7.10.0
[debug] [2017-06-12T07:29:54.786Z] Time:         Mon Jun 12 2017 10:29:54 GMT+0300 (EAT)
[debug] [2017-06-12T07:29:54.786Z] ----------------------------------------------------------------------
[debug] 
[debug] [2017-06-12T07:29:54.837Z] > command requires scopes: ["email","openid","https://www.googleapis.com/auth/cloudplatformprojects.readonly","https://www.googleapis.com/auth/firebase","https://www.googleapis.com/auth/cloud-platform"]
[debug] [2017-06-12T07:29:54.838Z] > authorizing via signed-in user
[debug] [2017-06-12T07:29:54.840Z] > refreshing access token with scopes: ["email","https://www.googleapis.com/auth/cloud-platform","https://www.googleapis.com/auth/cloudplatformprojects.readonly","https://www.googleapis.com/auth/firebase","openid"]
[debug] [2017-06-12T07:29:54.840Z] >>> HTTP REQUEST POST https://www.googleapis.com/oauth2/v3/token { refresh_token: '1/NdHXeraibyRUsNBz5hbAGst9xlnaDT0MNUlyJG7Ob8U',
  client_id: '563584335869-fgrhgmd47bqnekij5i8b5pr03ho849e6.apps.googleusercontent.com',
  client_secret: 'j9iVZfS8kkCEFUPaAeJV0sAi',
  grant_type: 'refresh_token',
  scope: 'email https://www.googleapis.com/auth/cloud-platform https://www.googleapis.com/auth/cloudplatformprojects.readonly https://www.googleapis.com/auth/firebase openid' } 
 Mon Jun 12 2017 10:29:54 GMT+0300 (EAT)
[debug] [2017-06-12T07:29:55.858Z] <<< HTTP RESPONSE 200
[debug] [2017-06-12T07:29:55.952Z] >>> HTTP REQUEST GET https://admin.firebase.com/v1/projects/react-d52a8  
 Mon Jun 12 2017 10:29:55 GMT+0300 (EAT)
[debug] [2017-06-12T07:29:57.542Z] <<< HTTP RESPONSE 200
[debug] [2017-06-12T07:29:57.545Z] >>> HTTP REQUEST GET https://admin.firebase.com/v1/database/react-d52a8/tokens  
 Mon Jun 12 2017 10:29:57 GMT+0300 (EAT)
[debug] [2017-06-12T07:29:58.561Z] <<< HTTP RESPONSE 200
[info] 
[info] === Deploying to 'react-d52a8'...
[info] 
[info] i  deploying hosting
[info] i  hosting: preparing dist directory for upload...
[debug] [2017-06-12T07:30:02.229Z] >>> HTTP REQUEST PUT https://deploy.firebase.com/v1/hosting/react-d52a8/uploads/-KmQCOtQM87dZBw9oxru?fileCount=12&message=  
 Mon Jun 12 2017 10:30:02 GMT+0300 (EAT)
[debug] [2017-06-12T07:30:03.082Z] Error: getaddrinfo ENOTFOUND deploy.firebase.com deploy.firebase.com:443
[error] 
[error] Error: Server Error. getaddrinfo ENOTFOUND deploy.firebase.com deploy.firebase.com:443
